
  i := ibs.executor.lock_open;
       *
ошибка в строке 5:
ORA-06550: Строка 5, столбец 8: 
PLS-00201: идентификатор 'IBS.EXECUTOR' должен быть объявлен 
ORA-06550: Строка 5, столбец 3: 
PL/SQL: Statement ignored 



Startup
-------------------
03/12/2015 18:05:04

Затрач.время: 00:00:00.04
*** Long transactions *********************
*** Sessions waits Long Operations ********

строки не выбраны

Затрач.время: 00:00:00.03
*** Sessions waits Lock Event *********

'
-


Затрач.время: 00:00:00.04

'
-


Затрач.время: 00:00:00.04
*** Sessions waits Latch Event *********

строки не выбраны

Затрач.время: 00:00:00.03
*** Sessions waits Pipe Put Event *********

строки не выбраны

Затрач.время: 00:00:04.09

строки не выбраны

Затрач.время: 00:00:00.03

строки не выбраны

Затрач.время: 00:00:00.03
*** Sequencies Current Value more then 80% of Max *********

SEQUENCE_OWNER                 SEQUENCE_NAME                   MIN_VALUE  MAX_VALUE INCREMENT_BY C O CACHE_SIZE LAST_NUMBER
------------------------------ ------------------------------ ---------- ---------- ------------ - - ---------- -----------
IBS                            SEQ_APP_126087354447                    1      99999            1 Y Y          0       89159
IBS                            SEQ_APP_126090816036                    1      99999            1 Y Y          0       91899
IBS                            SEQ_APP_126093543693                    1      99999            1 Y Y          0       91964
IBS                            SEQ_APP_126316316607                    1      99999            1 Y Y          0       91550
IBS                            SEQ_APP_1276232740258                   1      25000            1 Y Y          0       21019
IBS                            SEQ_APP_1276232740284                   1      15000            1 Y Y          0       13368
IBS                            SEQ_APP_174297886718                    1      99999            1 Y Y          0       92831
IBS                            SEQ_APP_174589598096                    1      99999            1 Y Y          0       95104
IBS                            SEQ_APP_174599930176                    1      99999            1 Y Y          0       85833

9 строк выбрано.

Затрач.время: 00:00:00.46
*** SP TK2 Status ********

SP_STAT                     CNT
-------------------- ----------
GEKATA1          INA         25
GEKATA10         INA         25
GEKATA100        INA         26
GEKATA101        ACT          1
GEKATA101        INA         27
GEKATA102        INA         25
GEKATA103        INA         25
GEKATA104        INA        105
GEKATA105        INA        105
GEKATA106        INA         25
GEKATA107        ACT          1
GEKATA107        INA         35
GEKATA108        ACT          2
GEKATA108        INA         24
GEKATA109        INA         30
GEKATA11         INA         25
GEKATA110        INA         24
GEKATA111        INA         23
GEKATA112        INA         28
GEKATA113        ACT          1
GEKATA113        INA         36
GEKATA114        ACT          2
GEKATA114        INA         35
GEKATA115        ACT          1
GEKATA115        INA         21
GEKATA116        INA         25
GEKATA117        INA         25
GEKATA118        INA         57
GEKATA119        INA         25
GEKATA12         INA         25
GEKATA120        INA         25
GEKATA121        INA        105
GEKATA122        INA         25
GEKATA123        INA         25
GEKATA124        INA         94
GEKATA125        INA         25
GEKATA126        INA         25
GEKATA127        INA         25
GEKATA128        INA         25
GEKATA129        INA         25
GEKATA13         INA         25
GEKATA130        INA         25
GEKATA14         INA         25
GEKATA144        ACT          1
GEKATA144        INA         24
GEKATA145        INA         25
GEKATA146        INA         25
GEKATA147        INA         25
GEKATA148        INA         27
GEKATA149        ACT          1
GEKATA149        INA         24
GEKATA15         ACT          1
GEKATA15         INA         24
GEKATA150        INA         25
GEKATA151        INA         25
GEKATA152        INA         25
GEKATA153        INA         25
GEKATA154        INA         25
GEKATA155        INA         25
GEKATA156        INA         25
GEKATA157        INA         25
GEKATA158        INA         25
GEKATA16         INA         25
GEKATA17         INA        105
GEKATA18         INA         25
GEKATA19         ACT          1
GEKATA19         INA         45
GEKATA2          INA         25
GEKATA20         INA         25
GEKATA21         INA         25
GEKATA22         INA         25
GEKATA23         INA         25
GEKATA24         INA         25
GEKATA25         INA         15
GEKATA26         INA         15
GEKATA27         INA         25
GEKATA28         INA         25
GEKATA29         INA         25
GEKATA3          INA         25
GEKATA30         INA         25
GEKATA31         INA         27
GEKATA32         INA         43
GEKATA33         ACT          1
GEKATA33         INA         24
GEKATA34         INA         25
GEKATA35         ACT          2
GEKATA35         INA         24
GEKATA36         INA         50
GEKATA37         INA         25
GEKATA38         INA         32
GEKATA39         INA        106
GEKATA4          INA         25
GEKATA40         INA         43
GEKATA41         INA        105
GEKATA42         INA         32
GEKATA43         ACT          1
GEKATA43         INA         21
GEKATA44         ACT          1
GEKATA44         INA         22
GEKATA45         ACT          2
GEKATA45         INA         28
GEKATA46         ACT          2
GEKATA46         INA         23
GEKATA47         ACT          1
GEKATA47         INA         30
GEKATA48         ACT          2
GEKATA48         INA         57
GEKATA49         ACT          1
GEKATA49         INA         49
GEKATA5          INA         25
GEKATA50         INA        105
GEKATA51         INA         23
GEKATA52         INA         38
GEKATA53         INA         41
GEKATA54         INA         19
GEKATA55         INA         29
GEKATA56         INA         29
GEKATA57         INA         56
GEKATA6          INA         25
GEKATA7          INA         37
GEKATA8          INA         15
GEKATA9          INA         15
GEKATA94         ACT          3
GEKATA94         INA         29
GEKATA95         INA         37
GEKATA96         INA         38
GEKATA97         INA         25
GEKATA98         INA         25
GEKATA99         ACT          1
GEKATA99         INA         32
LCROC31-13       INA         41
LCROC31-14       INA         31
LCROC31-14       KIL          2
LCROC32-08       INA         34
LHPM25-11        INA         23
LHPM25-11        KIL          3
LHPM25-12        ACT          1
LHPM25-12        INA         40
LHPM25-13        ACT          1
LHPM25-13        INA         40
LHPM25-13        KIL          2
LHPM25-14        INA         32
LHPM25-14        KIL          1
LHPM25-15        INA         31
LHPM25-16        INA         24
LHPM32-15        INA         42
LHPM32-16        INA         24
LHPM32-16        KIL          1

148 строк выбрано.

Затрач.время: 00:00:00.37
*** Queues with existing messages *********
*** MAIN_DOCUM.TO_PROV active sessions *********

строки не выбраны

Затрач.время: 00:00:00.07
*** Current oper day *********
from ibs.VW_CRIT_JOURNAL_OP_DAYS
         *
ошибка в строке 2:
ORA-00942: таблица или представление пользователя не существует


Затрач.время: 00:00:00.04
*** END OF SCRIPT ***

Ended
-------------------
03/12/2015 18:05:10

Затрач.время: 00:00:00.03
